\BOOKMARK [1][-]{section.1}{1. Introduction}{}% 1
\BOOKMARK [2][-]{subsection.1.1}{1.1. The permutation pattern Hopf algebra and the main result}{section.1}% 2
\BOOKMARK [1][-]{section.2}{2. Computing the antipode}{}% 3
\BOOKMARK [2][-]{subsection.2.1}{2.1. Ad hoc methods}{section.2}% 4
\BOOKMARK [2][-]{subsection.2.2}{2.2. The sign-reversing involution method}{section.2}% 5
\BOOKMARK [1][-]{section.3}{3. Combinatorial species}{}% 6
\BOOKMARK [2][-]{subsection.3.1}{3.1. Species}{section.3}% 7
\BOOKMARK [2][-]{subsection.3.2}{3.2. Algebraic structures on vector species}{section.3}% 8
\BOOKMARK [2][-]{subsection.3.3}{3.3. Algebraic structures on set species}{section.3}% 9
\BOOKMARK [2][-]{subsection.3.4}{3.4. Fock functor}{section.3}% 10
\BOOKMARK [1][-]{section.4}{4. The pattern Hopf algebra }{}% 11
\BOOKMARK [2][-]{subsection.4.1}{4.1. Species with restrictions}{section.4}% 12
\BOOKMARK [2][-]{subsection.4.2}{4.2. Schmitt's comonoid}{section.4}% 13
\BOOKMARK [2][-]{subsection.4.3}{4.3. Monoids with restrictions}{section.4}% 14
\BOOKMARK [2][-]{subsection.4.4}{4.4. Pattern functions and the pattern Hopf algebra}{section.4}% 15
\BOOKMARK [1][-]{section.5}{5. Examples of species with restrictions }{}% 16
\BOOKMARK [2][-]{subsection.5.1}{5.1. Species on linear orders.}{section.5}% 17
\BOOKMARK [2][-]{subsection.5.2}{5.2. Species on permutations}{section.5}% 18
\BOOKMARK [2][-]{subsection.5.3}{5.3. Species on packed words}{section.5}% 19
\BOOKMARK [2][-]{subsection.5.4}{5.4. Relation between parking functions and labelled Dyck paths}{section.5}% 20
\BOOKMARK [2][-]{subsection.5.5}{5.5. Species on parking functions}{section.5}% 21
\BOOKMARK [1][-]{section.6}{6. The antipode formula for pattern algebras }{}% 22
\BOOKMARK [2][-]{subsection.6.1}{6.1. L- species with restrictions}{section.6}% 23
\BOOKMARK [1][-]{section.7}{7. The antipode formula on special cases}{}% 24
\BOOKMARK [2][-]{subsection.7.1}{7.1. The antipode formula for the pattern algebra on packed words}{section.7}% 25
\BOOKMARK [2][-]{subsection.7.2}{7.2. The antipode formula for the pattern algebra on permutations}{section.7}% 26
\BOOKMARK [1][-]{section*.10}{Acknowledgments}{}% 27
\BOOKMARK [1][-]{section*.11}{References}{}% 28
